2021-06-26 10:06:21,053 Namespace(dataDir='dataset', epochs=100, img_dim=512, logDir='logs', max_lr=0.01, modelDir='weights', n_class=2, split_ratio=0.8, train_batch=4, vit_blocks=1, vit_dim_linear_mhsa_block=512, weight_decay=0.0001)
2021-06-26 10:06:21,357 TransUnet(
  (init_conv): Sequential(
    (0): Conv2d(3, 128, kernel_size=(7, 7), stride=(2, 2), padding=(3, 3), bias=False)
    (1): BatchNorm2d(128, eps=1e-05, momentum=0.1, affine=True, track_running_stats=True)
    (2): ReLU(inplace=True)
  )
  (conv1): Bottleneck(
    (downsample): Sequential(
      (0): Conv2d(128, 256, kernel_size=(1, 1), stride=(2, 2), bias=False)
      (1): BatchNorm2d(256, eps=1e-05, momentum=0.1, affine=True, track_running_stats=True)
    )
    (conv1): Conv2d(128, 256, kernel_size=(1, 1), stride=(1, 1), bias=False)
    (bn1): BatchNorm2d(256, eps=1e-05, momentum=0.1, affine=True, track_running_stats=True)
    (conv2): Conv2d(256, 256, kernel_size=(3, 3), stride=(2, 2), padding=(1, 1), bias=False)
    (bn2): BatchNorm2d(256, eps=1e-05, momentum=0.1, affine=True, track_running_stats=True)
    (conv3): Conv2d(256, 256, kernel_size=(1, 1), stride=(1, 1), bias=False)
    (bn3): BatchNorm2d(256, eps=1e-05, momentum=0.1, affine=True, track_running_stats=True)
    (relu): ReLU(inplace=True)
  )
  (conv2): Bottleneck(
    (downsample): Sequential(
      (0): Conv2d(256, 512, kernel_size=(1, 1), stride=(2, 2), bias=False)
      (1): BatchNorm2d(512, eps=1e-05, momentum=0.1, affine=True, track_running_stats=True)
    )
    (conv1): Conv2d(256, 512, kernel_size=(1, 1), stride=(1, 1), bias=False)
    (bn1): BatchNorm2d(512, eps=1e-05, momentum=0.1, affine=True, track_running_stats=True)
    (conv2): Conv2d(512, 512, kernel_size=(3, 3), stride=(2, 2), padding=(1, 1), bias=False)
    (bn2): BatchNorm2d(512, eps=1e-05, momentum=0.1, affine=True, track_running_stats=True)
    (conv3): Conv2d(512, 512, kernel_size=(1, 1), stride=(1, 1), bias=False)
    (bn3): BatchNorm2d(512, eps=1e-05, momentum=0.1, affine=True, track_running_stats=True)
    (relu): ReLU(inplace=True)
  )
  (conv3): Bottleneck(
    (downsample): Sequential(
      (0): Conv2d(512, 1024, kernel_size=(1, 1), stride=(2, 2), bias=False)
      (1): BatchNorm2d(1024, eps=1e-05, momentum=0.1, affine=True, track_running_stats=True)
    )
    (conv1): Conv2d(512, 1024, kernel_size=(1, 1), stride=(1, 1), bias=False)
    (bn1): BatchNorm2d(1024, eps=1e-05, momentum=0.1, affine=True, track_running_stats=True)
    (conv2): Conv2d(1024, 1024, kernel_size=(3, 3), stride=(2, 2), padding=(1, 1), bias=False)
    (bn2): BatchNorm2d(1024, eps=1e-05, momentum=0.1, affine=True, track_running_stats=True)
    (conv3): Conv2d(1024, 1024, kernel_size=(1, 1), stride=(1, 1), bias=False)
    (bn3): BatchNorm2d(1024, eps=1e-05, momentum=0.1, affine=True, track_running_stats=True)
    (relu): ReLU(inplace=True)
  )
  (vit): ViT(
    (project_patches): Linear(in_features=1024, out_features=1024, bias=True)
    (emb_dropout): Dropout(p=0, inplace=False)
    (mlp_head): Linear(in_features=1024, out_features=10, bias=True)
    (transformer): TransformerEncoder(
      (layers): ModuleList(
        (0): TransformerBlock(
          (mhsa): MultiHeadSelfAttention(
            (to_qvk): Linear(in_features=1024, out_features=3072, bias=False)
            (W_0): Linear(in_features=1024, out_features=1024, bias=False)
          )
          (drop): Dropout(p=0, inplace=False)
          (norm_1): LayerNorm((1024,), eps=1e-05, elementwise_affine=True)
          (norm_2): LayerNorm((1024,), eps=1e-05, elementwise_affine=True)
          (linear): Sequential(
            (0): Linear(in_features=1024, out_features=512, bias=True)
            (1): GELU()
            (2): Dropout(p=0, inplace=False)
            (3): Linear(in_features=512, out_features=1024, bias=True)
            (4): Dropout(p=0, inplace=False)
          )
        )
      )
    )
  )
  (vit_conv): SignleConv(
    (conv): Sequential(
      (0): Conv2d(1024, 512, kernel_size=(3, 3), stride=(1, 1), padding=(1, 1))
      (1): BatchNorm2d(512, eps=1e-05, momentum=0.1, affine=True, track_running_stats=True)
      (2): ReLU(inplace=True)
    )
  )
  (dec1): Up(
    (up): Upsample(scale_factor=2.0, mode=bilinear)
    (conv): DoubleConv(
      (conv): Sequential(
        (0): SignleConv(
          (conv): Sequential(
            (0): Conv2d(1024, 256, kernel_size=(3, 3), stride=(1, 1), padding=(1, 1))
            (1): BatchNorm2d(256, eps=1e-05, momentum=0.1, affine=True, track_running_stats=True)
            (2): ReLU(inplace=True)
          )
        )
        (1): SignleConv(
          (conv): Sequential(
            (0): Conv2d(256, 256, kernel_size=(3, 3), stride=(1, 1), padding=(1, 1))
            (1): BatchNorm2d(256, eps=1e-05, momentum=0.1, affine=True, track_running_stats=True)
            (2): ReLU(inplace=True)
          )
        )
      )
    )
  )
  (dec2): Up(
    (up): Upsample(scale_factor=2.0, mode=bilinear)
    (conv): DoubleConv(
      (conv): Sequential(
        (0): SignleConv(
          (conv): Sequential(
            (0): Conv2d(512, 128, kernel_size=(3, 3), stride=(1, 1), padding=(1, 1))
            (1): BatchNorm2d(128, eps=1e-05, momentum=0.1, affine=True, track_running_stats=True)
            (2): ReLU(inplace=True)
          )
        )
        (1): SignleConv(
          (conv): Sequential(
            (0): Conv2d(128, 128, kernel_size=(3, 3), stride=(1, 1), padding=(1, 1))
            (1): BatchNorm2d(128, eps=1e-05, momentum=0.1, affine=True, track_running_stats=True)
            (2): ReLU(inplace=True)
          )
        )
      )
    )
  )
  (dec3): Up(
    (up): Upsample(scale_factor=2.0, mode=bilinear)
    (conv): DoubleConv(
      (conv): Sequential(
        (0): SignleConv(
          (conv): Sequential(
            (0): Conv2d(256, 64, kernel_size=(3, 3), stride=(1, 1), padding=(1, 1))
            (1): BatchNorm2d(64, eps=1e-05, momentum=0.1, affine=True, track_running_stats=True)
            (2): ReLU(inplace=True)
          )
        )
        (1): SignleConv(
          (conv): Sequential(
            (0): Conv2d(64, 64, kernel_size=(3, 3), stride=(1, 1), padding=(1, 1))
            (1): BatchNorm2d(64, eps=1e-05, momentum=0.1, affine=True, track_running_stats=True)
            (2): ReLU(inplace=True)
          )
        )
      )
    )
  )
  (dec4): Up(
    (up): Upsample(scale_factor=2.0, mode=bilinear)
    (conv): DoubleConv(
      (conv): Sequential(
        (0): SignleConv(
          (conv): Sequential(
            (0): Conv2d(64, 16, kernel_size=(3, 3), stride=(1, 1), padding=(1, 1))
            (1): BatchNorm2d(16, eps=1e-05, momentum=0.1, affine=True, track_running_stats=True)
            (2): ReLU(inplace=True)
          )
        )
        (1): SignleConv(
          (conv): Sequential(
            (0): Conv2d(16, 16, kernel_size=(3, 3), stride=(1, 1), padding=(1, 1))
            (1): BatchNorm2d(16, eps=1e-05, momentum=0.1, affine=True, track_running_stats=True)
            (2): ReLU(inplace=True)
          )
        )
      )
    )
  )
  (conv1x1): Conv2d(16, 2, kernel_size=(1, 1), stride=(1, 1))
)
2021-06-26 10:06:33,809 
Total Parameters: 42,561,602
----------------------------------------------------------------------------------------------------------------------------------
Total Multiply Adds (For Convolution and Linear Layers only): 92.74024486541748 GFLOPs
----------------------------------------------------------------------------------------------------------------------------------
Number of Layers
Conv2d : 23 layers   BatchNorm2d : 22 layers   ReLU : 19 layers   Bottleneck : 3 layers   Linear : 5 layers   Dropout : 4 layers   MultiHeadSelfAttention : 1 layers   LayerNorm : 2 layers   GELU : 1 layers   TransformerBlock : 1 layers   TransformerEncoder : 1 layers   ViT : 1 layers   SignleConv : 9 layers   Upsample : 4 layers   DoubleConv : 4 layers   Up : 4 layers   
2021-06-26 10:06:47,517 Train Epoch : 0	 Training Loss : 0.564780980348587
2021-06-26 10:06:49,309 Validation Epoch : 0	 Validation Loss : 0.7810137629508972	 Mean intersection-over-union averaged across classes : 43.57461929321289	 Frequency Weighted IoU : 75.94989786193764	 Mean pixel accuracy averaged across classes : 50.0	 Pixel Accuracy : 87.14923858642578
2021-06-26 10:06:49,310 => saving checkpoint to weights
2021-06-26 10:06:55,676 Train Epoch : 1	 Training Loss : 0.4765118330717087
2021-06-26 10:06:56,295 Validation Epoch : 1	 Validation Loss : 0.5305488765239715	 Mean intersection-over-union averaged across classes : 44.0501785643686	 Frequency Weighted IoU : 76.14235273725821	 Mean pixel accuracy averaged across classes : 50.42747335388081	 Pixel Accuracy : 87.25780487060547
2021-06-26 10:06:56,297 => saving checkpoint to weights
2021-06-26 10:07:02,707 Train Epoch : 2	 Training Loss : 0.4377892464399338
2021-06-26 10:07:03,376 Validation Epoch : 2	 Validation Loss : 0.3285925418138504	 Mean intersection-over-union averaged across classes : 55.36927531469613	 Frequency Weighted IoU : 79.34852895792544	 Mean pixel accuracy averaged across classes : 62.4056748148397	 Pixel Accuracy : 88.08560689290364
2021-06-26 10:07:03,377 => saving checkpoint to weights
2021-06-26 10:07:09,790 Train Epoch : 3	 Training Loss : 0.42300627529621126
2021-06-26 10:07:10,481 Validation Epoch : 3	 Validation Loss : 0.4055725038051605	 Mean intersection-over-union averaged across classes : 60.21123722211323	 Frequency Weighted IoU : 80.56274899306608	 Mean pixel accuracy averaged across classes : 69.60885305231824	 Pixel Accuracy : 88.31074714660645
2021-06-26 10:07:16,349 Train Epoch : 4	 Training Loss : 0.3813393771648407
2021-06-26 10:07:17,036 Validation Epoch : 4	 Validation Loss : 0.3615116119384766	 Mean intersection-over-union averaged across classes : 62.90884599994886	 Frequency Weighted IoU : 81.89158741061412	 Mean pixel accuracy averaged across classes : 72.5407245227244	 Pixel Accuracy : 89.20148468017578
2021-06-26 10:07:22,884 Train Epoch : 5	 Training Loss : 0.39013390690088273
2021-06-26 10:07:23,571 Validation Epoch : 5	 Validation Loss : 0.4929738581180573	 Mean intersection-over-union averaged across classes : 63.620471695678596	 Frequency Weighted IoU : 82.41160715349882	 Mean pixel accuracy averaged across classes : 72.80694922933253	 Pixel Accuracy : 89.62674458821614
2021-06-26 10:07:29,400 Train Epoch : 6	 Training Loss : 0.3982893586158752
2021-06-26 10:07:30,031 Validation Epoch : 6	 Validation Loss : 0.35464324355125426	 Mean intersection-over-union averaged across classes : 64.93160263213528	 Frequency Weighted IoU : 82.85992606332036	 Mean pixel accuracy averaged across classes : 74.79157768936844	 Pixel Accuracy : 89.82856205531529
2021-06-26 10:07:35,924 Train Epoch : 7	 Training Loss : 0.4046702772378922
2021-06-26 10:07:36,548 Validation Epoch : 7	 Validation Loss : 0.2309703603386879	 Mean intersection-over-union averaged across classes : 66.06159692260341	 Frequency Weighted IoU : 83.42175681628261	 Mean pixel accuracy averaged across classes : 75.9727963991245	 Pixel Accuracy : 90.19911766052246
2021-06-26 10:07:36,549 => saving checkpoint to weights
2021-06-26 10:07:42,968 Train Epoch : 8	 Training Loss : 0.39980305433273317
2021-06-26 10:07:43,673 Validation Epoch : 8	 Validation Loss : 0.39673865437507627	 Mean intersection-over-union averaged across classes : 66.91811051797859	 Frequency Weighted IoU : 83.88237473382107	 Mean pixel accuracy averaged across classes : 76.73347163875165	 Pixel Accuracy : 90.5170186360677
2021-06-26 10:07:49,490 Train Epoch : 9	 Training Loss : 0.38960633128881456
2021-06-26 10:07:50,169 Validation Epoch : 9	 Validation Loss : 0.3699410021305084	 Mean intersection-over-union averaged across classes : 66.24634421263733	 Frequency Weighted IoU : 83.72492819355188	 Mean pixel accuracy averaged across classes : 75.43329451352744	 Pixel Accuracy : 90.49623107910156
2021-06-26 10:07:55,996 Train Epoch : 10	 Training Loss : 0.34958707317709925
2021-06-26 10:07:56,659 Validation Epoch : 10	 Validation Loss : 0.3676282227039337	 Mean intersection-over-union averaged across classes : 66.06236418826083	 Frequency Weighted IoU : 83.27255327679917	 Mean pixel accuracy averaged across classes : 76.49329943290033	 Pixel Accuracy : 90.03272663463245
2021-06-26 10:08:02,505 Train Epoch : 11	 Training Loss : 0.38220691680908203
2021-06-26 10:08:03,156 Validation Epoch : 11	 Validation Loss : 0.47298622131347656	 Mean intersection-over-union averaged across classes : 65.63016431992924	 Frequency Weighted IoU : 83.21868991386599	 Mean pixel accuracy averaged across classes : 75.48482729819449	 Pixel Accuracy : 90.0707467397054
2021-06-26 10:08:08,995 Train Epoch : 12	 Training Loss : 0.4299715608358383
2021-06-26 10:08:09,669 Validation Epoch : 12	 Validation Loss : 0.6796517610549927	 Mean intersection-over-union averaged across classes : 62.702775685460175	 Frequency Weighted IoU : 80.65914275056393	 Mean pixel accuracy averaged across classes : 75.64048974773729	 Pixel Accuracy : 87.86918053260216
2021-06-26 10:08:15,520 Train Epoch : 13	 Training Loss : 0.4894212305545807
2021-06-26 10:08:16,181 Validation Epoch : 13	 Validation Loss : 2.103505849838257	 Mean intersection-over-union averaged across classes : 56.190055467100876	 Frequency Weighted IoU : 74.63890828675686	 Mean pixel accuracy averaged across classes : 73.81994524564833	 Pixel Accuracy : 82.53514153616769
2021-06-26 10:08:22,023 Train Epoch : 14	 Training Loss : 0.4995005577802658
2021-06-26 10:08:22,665 Validation Epoch : 14	 Validation Loss : 0.7029966950416565	 Mean intersection-over-union averaged across classes : 55.89168999168379	 Frequency Weighted IoU : 74.89671549256617	 Mean pixel accuracy averaged across classes : 72.27575305619612	 Pixel Accuracy : 82.85297648111978
2021-06-26 10:08:28,545 Train Epoch : 15	 Training Loss : 0.5563903778791428
2021-06-26 10:08:29,197 Validation Epoch : 15	 Validation Loss : 0.741891622543335	 Mean intersection-over-union averaged across classes : 55.74406445345426	 Frequency Weighted IoU : 75.18429837397898	 Mean pixel accuracy averaged across classes : 71.15223844788159	 Pixel Accuracy : 83.18671226501465
2021-06-26 10:08:35,035 Train Epoch : 16	 Training Loss : 0.41159123182296753
2021-06-26 10:08:35,721 Validation Epoch : 16	 Validation Loss : 0.25849965810775755	 Mean intersection-over-union averaged across classes : 56.24207405678799	 Frequency Weighted IoU : 75.37764359745431	 Mean pixel accuracy averaged across classes : 72.07420197071737	 Pixel Accuracy : 83.31451416015625
2021-06-26 10:08:41,566 Train Epoch : 17	 Training Loss : 0.47376356869935987
2021-06-26 10:08:42,218 Validation Epoch : 17	 Validation Loss : 0.4352377951145172	 Mean intersection-over-union averaged across classes : 56.59622699832592	 Frequency Weighted IoU : 75.84602298995105	 Mean pixel accuracy averaged across classes : 71.90337635477115	 Pixel Accuracy : 83.7626690334744
2021-06-26 10:08:48,077 Train Epoch : 18	 Training Loss : 0.5181270569562912
2021-06-26 10:08:48,752 Validation Epoch : 18	 Validation Loss : 1.9068328619003296	 Mean intersection-over-union averaged across classes : 52.86578217978145	 Frequency Weighted IoU : 71.86720191580464	 Mean pixel accuracy averaged across classes : 70.76334609825805	 Pixel Accuracy : 80.05432731226871
2021-06-26 10:08:54,636 Train Epoch : 19	 Training Loss : 0.4863175511360168
2021-06-26 10:08:55,282 Validation Epoch : 19	 Validation Loss : 1.6951071262359618	 Mean intersection-over-union averaged across classes : 49.87332576824544	 Frequency Weighted IoU : 68.36438117916146	 Mean pixel accuracy averaged across classes : 69.73859810730238	 Pixel Accuracy : 76.71809005737305
2021-06-26 10:09:01,149 Train Epoch : 20	 Training Loss : 0.44987797290086745
2021-06-26 10:09:01,800 Validation Epoch : 20	 Validation Loss : 0.31303630769252777	 Mean intersection-over-union averaged across classes : 50.62611872027766	 Frequency Weighted IoU : 69.03604600881019	 Mean pixel accuracy averaged across classes : 70.56921446564697	 Pixel Accuracy : 77.3466310046968
2021-06-26 10:09:07,624 Train Epoch : 21	 Training Loss : 0.39666453152894976
2021-06-26 10:09:08,289 Validation Epoch : 21	 Validation Loss : 0.4366724193096161	 Mean intersection-over-union averaged across classes : 51.31748768439544	 Frequency Weighted IoU : 69.7774377769267	 Mean pixel accuracy averaged across classes : 70.99462371502183	 Pixel Accuracy : 78.04710734974253
2021-06-26 10:09:14,166 Train Epoch : 22	 Training Loss : 0.47049483358860017
2021-06-26 10:09:14,820 Validation Epoch : 22	 Validation Loss : 0.9097990989685059	 Mean intersection-over-union averaged across classes : 48.91034006366446	 Frequency Weighted IoU : 66.88138701692988	 Mean pixel accuracy averaged across classes : 70.11940388377039	 Pixel Accuracy : 75.28187627377717
2021-06-26 10:09:20,648 Train Epoch : 23	 Training Loss : 0.4454135537147522
2021-06-26 10:09:21,336 Validation Epoch : 23	 Validation Loss : 1.1795875787734986	 Mean intersection-over-union averaged across classes : 46.80446421163992	 Frequency Weighted IoU : 64.22261625632149	 Mean pixel accuracy averaged across classes : 69.30383819186325	 Pixel Accuracy : 72.72180080413818
2021-06-26 10:09:27,209 Train Epoch : 24	 Training Loss : 0.3841942444443703
2021-06-26 10:09:27,821 Validation Epoch : 24	 Validation Loss : 0.3734753906726837	 Mean intersection-over-union averaged across classes : 47.22322911149262	 Frequency Weighted IoU : 64.54232356753938	 Mean pixel accuracy averaged across classes : 70.01558705944625	 Pixel Accuracy : 73.03097686767578
2021-06-26 10:09:33,689 Train Epoch : 25	 Training Loss : 0.41740992814302447
2021-06-26 10:09:34,353 Validation Epoch : 25	 Validation Loss : 0.3699595183134079	 Mean intersection-over-union averaged across classes : 47.69056513998292	 Frequency Weighted IoU : 64.95625542410066	 Mean pixel accuracy averaged across classes : 70.65578377482822	 Pixel Accuracy : 73.42900936420148
2021-06-26 10:09:40,186 Train Epoch : 26	 Training Loss : 0.4612564295530319
2021-06-26 10:09:40,836 Validation Epoch : 26	 Validation Loss : 0.7133511602878571	 Mean intersection-over-union averaged across classes : 47.876640945503304	 Frequency Weighted IoU : 65.49886114799338	 Mean pixel accuracy averaged across classes : 69.95146053206047	 Pixel Accuracy : 73.9516830444336
2021-06-26 10:09:46,677 Train Epoch : 27	 Training Loss : 0.40251426994800565
2021-06-26 10:09:47,346 Validation Epoch : 27	 Validation Loss : 0.5360341668128967	 Mean intersection-over-union averaged across classes : 48.52001636926772	 Frequency Weighted IoU : 66.21103974125107	 Mean pixel accuracy averaged across classes : 70.4334820871948	 Pixel Accuracy : 74.63414192199707
2021-06-26 10:09:53,193 Train Epoch : 28	 Training Loss : 0.43717784285545347
2021-06-26 10:09:53,869 Validation Epoch : 28	 Validation Loss : 0.5182121276855469	 Mean intersection-over-union averaged across classes : 49.135819899498756	 Frequency Weighted IoU : 66.85923640549973	 Mean pixel accuracy averaged across classes : 70.95040327400805	 Pixel Accuracy : 75.25188314503637
2021-06-26 10:09:59,719 Train Epoch : 29	 Training Loss : 0.41142265796661376
2021-06-26 10:10:00,367 Validation Epoch : 29	 Validation Loss : 1.0155645966529847	 Mean intersection-over-union averaged across classes : 47.51780658217653	 Frequency Weighted IoU : 64.83747888746888	 Mean pixel accuracy averaged across classes : 70.33343572829283	 Pixel Accuracy : 73.31492360432944
2021-06-26 10:10:06,209 Train Epoch : 30	 Training Loss : 0.4464066445827484
2021-06-26 10:10:06,883 Validation Epoch : 30	 Validation Loss : 0.7232544362545014	 Mean intersection-over-union averaged across classes : 47.06911741414492	 Frequency Weighted IoU : 64.27611582726021	 Mean pixel accuracy averaged across classes : 70.13038721809436	 Pixel Accuracy : 72.77531162385019
2021-06-26 10:10:12,736 Train Epoch : 31	 Training Loss : 0.42408436834812163
2021-06-26 10:10:13,395 Validation Epoch : 31	 Validation Loss : 0.3130112670361996	 Mean intersection-over-union averaged across classes : 47.655846324480564	 Frequency Weighted IoU : 64.93302796922971	 Mean pixel accuracy averaged across classes : 70.58941615185796	 Pixel Accuracy : 73.40671420097351
2021-06-26 10:10:19,302 Train Epoch : 32	 Training Loss : 0.375865763425827
2021-06-26 10:10:19,992 Validation Epoch : 32	 Validation Loss : 0.4970831394195557	 Mean intersection-over-union averaged across classes : 47.879640027226266	 Frequency Weighted IoU : 65.0810740701401	 Mean pixel accuracy averaged across classes : 71.02112720726733	 Pixel Accuracy : 73.54868686560428
2021-06-26 10:10:25,831 Train Epoch : 33	 Training Loss : 0.410054974257946
2021-06-26 10:10:26,454 Validation Epoch : 33	 Validation Loss : 1.0176588654518128	 Mean intersection-over-union averaged across classes : 48.00321299952759	 Frequency Weighted IoU : 65.49754746694003	 Mean pixel accuracy averaged across classes : 70.40336780065837	 Pixel Accuracy : 73.94881192375632
2021-06-26 10:10:32,337 Train Epoch : 34	 Training Loss : 0.43003044128417967
2021-06-26 10:10:33,023 Validation Epoch : 34	 Validation Loss : 0.5251872599124908	 Mean intersection-over-union averaged across classes : 48.4754017664819	 Frequency Weighted IoU : 65.96734204267067	 Mean pixel accuracy averaged across classes : 70.8908476395514	 Pixel Accuracy : 74.39762551443917
2021-06-26 10:10:38,916 Train Epoch : 35	 Training Loss : 0.469601571559906
2021-06-26 10:10:39,584 Validation Epoch : 35	 Validation Loss : 0.4619889944791794	 Mean intersection-over-union averaged across classes : 48.76525527586012	 Frequency Weighted IoU : 66.43488621657589	 Mean pixel accuracy averaged across classes : 70.72874195259767	 Pixel Accuracy : 74.84690348307291
2021-06-26 10:10:45,473 Train Epoch : 36	 Training Loss : 0.39678010493516924
2021-06-26 10:10:46,165 Validation Epoch : 36	 Validation Loss : 0.46843491196632386	 Mean intersection-over-union averaged across classes : 48.798727764443264	 Frequency Weighted IoU : 66.34950003375096	 Mean pixel accuracy averaged across classes : 71.06195726319264	 Pixel Accuracy : 74.76271861308331
2021-06-26 10:10:52,032 Train Epoch : 37	 Training Loss : 0.42260033935308455
2021-06-26 10:10:52,696 Validation Epoch : 37	 Validation Loss : 0.25427788998931644	 Mean intersection-over-union averaged across classes : 49.1183958042103	 Frequency Weighted IoU : 66.63628234919511	 Mean pixel accuracy averaged across classes : 71.45559700681805	 Pixel Accuracy : 75.0343132019043
2021-06-26 10:10:58,555 Train Epoch : 38	 Training Loss : 0.42977563589811324
2021-06-26 10:10:59,223 Validation Epoch : 38	 Validation Loss : 0.5482269763946533	 Mean intersection-over-union averaged across classes : 49.37581710454286	 Frequency Weighted IoU : 67.05354167438054	 Mean pixel accuracy averaged across classes : 71.29200188402298	 Pixel Accuracy : 75.43458791879507
2021-06-26 10:11:05,095 Train Epoch : 39	 Training Loss : 0.4366034656763077
2021-06-26 10:11:05,794 Validation Epoch : 39	 Validation Loss : 0.4922552347183228	 Mean intersection-over-union averaged across classes : 49.78907438983388	 Frequency Weighted IoU : 67.51637298794913	 Mean pixel accuracy averaged across classes : 71.54603895827377	 Pixel Accuracy : 75.87417888641357
2021-06-26 10:11:11,625 Train Epoch : 40	 Training Loss : 0.4073392704129219
2021-06-26 10:11:12,265 Validation Epoch : 40	 Validation Loss : 0.5510929644107818	 Mean intersection-over-union averaged across classes : 50.130880972712255	 Frequency Weighted IoU : 67.94028020797258	 Mean pixel accuracy averaged across classes : 71.64177896000835	 Pixel Accuracy : 76.27768632842273
2021-06-26 10:11:18,119 Train Epoch : 41	 Training Loss : 0.46026837825775146
2021-06-26 10:11:18,784 Validation Epoch : 41	 Validation Loss : 0.5035021305084229	 Mean intersection-over-union averaged across classes : 50.15958836728309	 Frequency Weighted IoU : 67.86915150720145	 Mean pixel accuracy averaged across classes : 71.92146406728924	 Pixel Accuracy : 76.20605105445499
2021-06-26 10:11:24,635 Train Epoch : 42	 Training Loss : 0.48088965117931365
2021-06-26 10:11:25,302 Validation Epoch : 42	 Validation Loss : 1.4318498849868775	 Mean intersection-over-union averaged across classes : 50.20585793228427	 Frequency Weighted IoU : 68.1297624745083	 Mean pixel accuracy averaged across classes : 71.41770693342829	 Pixel Accuracy : 76.46200046982877
2021-06-26 10:11:31,179 Train Epoch : 43	 Training Loss : 0.49662441909313204
2021-06-26 10:11:31,860 Validation Epoch : 43	 Validation Loss : 0.49514896124601365	 Mean intersection-over-union averaged across classes : 50.558918933535544	 Frequency Weighted IoU : 68.5060339619872	 Mean pixel accuracy averaged across classes : 71.66058065070253	 Pixel Accuracy : 76.8173564564098
2021-06-26 10:11:37,675 Train Epoch : 44	 Training Loss : 0.4797558128833771
2021-06-26 10:11:38,295 Validation Epoch : 44	 Validation Loss : 0.7236801266670227	 Mean intersection-over-union averaged across classes : 50.00980605901139	 Frequency Weighted IoU : 67.79324900614553	 Mean pixel accuracy averaged across classes : 71.60096274093245	 Pixel Accuracy : 76.13788265652127
2021-06-26 10:11:44,108 Train Epoch : 45	 Training Loss : 0.4379372075200081
2021-06-26 10:11:44,757 Validation Epoch : 45	 Validation Loss : 0.4910046339035034	 Mean intersection-over-union averaged across classes : 50.22986494280184	 Frequency Weighted IoU : 68.13014551159576	 Mean pixel accuracy averaged across classes : 71.49803866444768	 Pixel Accuracy : 76.46111612734587
2021-06-26 10:11:50,608 Train Epoch : 46	 Training Loss : 0.3888495147228241
2021-06-26 10:11:51,258 Validation Epoch : 46	 Validation Loss : 0.9692659854888916	 Mean intersection-over-union averaged across classes : 49.830029952288655	 Frequency Weighted IoU : 67.58383211653954	 Mean pixel accuracy averaged across classes : 71.5156556244428	 Pixel Accuracy : 75.9389828621073
2021-06-26 10:11:57,115 Train Epoch : 47	 Training Loss : 0.4378445357084274
2021-06-26 10:11:57,772 Validation Epoch : 47	 Validation Loss : 1.4131621360778808	 Mean intersection-over-union averaged across classes : 48.72730474297616	 Frequency Weighted IoU : 66.24079665537425	 Mean pixel accuracy averaged across classes : 71.08659709130858	 Pixel Accuracy : 74.6584963798523
2021-06-26 10:12:03,656 Train Epoch : 48	 Training Loss : 0.46905798465013504
2021-06-26 10:12:04,328 Validation Epoch : 48	 Validation Loss : 2.3282089233398438	 Mean intersection-over-union averaged across classes : 47.67482984082279	 Frequency Weighted IoU : 64.93187686421464	 Mean pixel accuracy averaged across classes : 70.66112643236129	 Pixel Accuracy : 73.40563949273557
2021-06-26 10:12:10,226 Train Epoch : 49	 Training Loss : 0.40838499218225477
2021-06-26 10:12:10,881 Validation Epoch : 49	 Validation Loss : 0.3055190327577293	 Mean intersection-over-union averaged across classes : 48.00038836128832	 Frequency Weighted IoU : 65.3225354845592	 Mean pixel accuracy averaged across classes : 70.83778281702334	 Pixel Accuracy : 73.77996520996093
2021-06-26 10:12:16,752 Train Epoch : 50	 Training Loss : 0.4538582921028137
2021-06-26 10:12:17,417 Validation Epoch : 50	 Validation Loss : 1.9717387437820435	 Mean intersection-over-union averaged across classes : 47.02147057080772	 Frequency Weighted IoU : 64.08854158242279	 Mean pixel accuracy averaged across classes : 70.43550963494042	 Pixel Accuracy : 72.59640861960018
2021-06-26 10:12:23,298 Train Epoch : 51	 Training Loss : 0.3408215299248695
2021-06-26 10:12:23,960 Validation Epoch : 51	 Validation Loss : 0.4842728853225708	 Mean intersection-over-union averaged across classes : 47.06545031866545	 Frequency Weighted IoU : 64.0601669639316	 Mean pixel accuracy averaged across classes : 70.6713195194118	 Pixel Accuracy : 72.5703635582557
2021-06-26 10:12:29,811 Train Epoch : 52	 Training Loss : 0.4803850740194321
2021-06-26 10:12:30,512 Validation Epoch : 52	 Validation Loss : 0.48405695557594297	 Mean intersection-over-union averaged across classes : 47.257934770653	 Frequency Weighted IoU : 64.40150598026825	 Mean pixel accuracy averaged across classes : 70.50075647314932	 Pixel Accuracy : 72.8968026503077
2021-06-26 10:12:36,397 Train Epoch : 53	 Training Loss : 0.3309704899787903
2021-06-26 10:12:37,060 Validation Epoch : 53	 Validation Loss : 0.5760691940784455	 Mean intersection-over-union averaged across classes : 47.54890166487648	 Frequency Weighted IoU : 64.78164564698358	 Mean pixel accuracy averaged across classes : 70.58846283286064	 Pixel Accuracy : 73.26153649224175
2021-06-26 10:12:42,904 Train Epoch : 54	 Training Loss : 0.4718120634555817
2021-06-26 10:12:43,584 Validation Epoch : 54	 Validation Loss : 2.510692024230957	 Mean intersection-over-union averaged across classes : 46.65236222360343	 Frequency Weighted IoU : 63.642554585154876	 Mean pixel accuracy averaged across classes : 70.21637056259564	 Pixel Accuracy : 72.16732163862748
2021-06-26 10:12:49,419 Train Epoch : 55	 Training Loss : 0.38045569956302644
2021-06-26 10:12:50,053 Validation Epoch : 55	 Validation Loss : 0.565855872631073	 Mean intersection-over-union averaged across classes : 46.957997269696776	 Frequency Weighted IoU : 63.97305197112482	 Mean pixel accuracy averaged across classes : 70.49848784928443	 Pixel Accuracy : 72.48598779950824
2021-06-26 10:12:55,936 Train Epoch : 56	 Training Loss : 0.4382768481969833
2021-06-26 10:12:56,620 Validation Epoch : 56	 Validation Loss : 0.7550331711769104	 Mean intersection-over-union averaged across classes : 46.62944477063956	 Frequency Weighted IoU : 63.523216359069444	 Mean pixel accuracy averaged across classes : 70.43922096891944	 Pixel Accuracy : 72.05445205956174
2021-06-26 10:13:02,502 Train Epoch : 57	 Training Loss : 0.44157177209854126
2021-06-26 10:13:03,193 Validation Epoch : 57	 Validation Loss : 0.46768181324005126	 Mean intersection-over-union averaged across classes : 46.91027499645235	 Frequency Weighted IoU : 63.88209209540167	 Mean pixel accuracy averaged across classes : 70.55654538784908	 Pixel Accuracy : 72.3991400620033
2021-06-26 10:13:09,066 Train Epoch : 58	 Training Loss : 0.353117573261261
2021-06-26 10:13:09,722 Validation Epoch : 58	 Validation Loss : 0.4783612430095673	 Mean intersection-over-union averaged across classes : 47.14167321375752	 Frequency Weighted IoU : 64.22052144589479	 Mean pixel accuracy averaged across classes : 70.53887953356269	 Pixel Accuracy : 72.72340354272875
2021-06-26 10:13:15,566 Train Epoch : 59	 Training Loss : 0.32922557443380357
2021-06-26 10:13:16,222 Validation Epoch : 59	 Validation Loss : 1.5429385423660278	 Mean intersection-over-union averaged across classes : 46.335178626056	 Frequency Weighted IoU : 63.18952662401682	 Mean pixel accuracy averaged across classes : 70.20051394800824	 Pixel Accuracy : 71.73254903157552
2021-06-26 10:13:22,094 Train Epoch : 60	 Training Loss : 0.36222103238105774
2021-06-26 10:13:22,756 Validation Epoch : 60	 Validation Loss : 0.35464138984680177	 Mean intersection-over-union averaged across classes : 46.484696961846964	 Frequency Weighted IoU : 63.314801565275424	 Mean pixel accuracy averaged across classes : 70.4374926861323	 Pixel Accuracy : 71.85472957423475
2021-06-26 10:13:28,615 Train Epoch : 61	 Training Loss : 0.40515648722648623
2021-06-26 10:13:29,311 Validation Epoch : 61	 Validation Loss : 0.4392982184886932	 Mean intersection-over-union averaged across classes : 46.555535639402464	 Frequency Weighted IoU : 63.333643382261194	 Mean pixel accuracy averaged across classes : 70.65510537361118	 Pixel Accuracy : 71.87469051730248
2021-06-26 10:13:35,195 Train Epoch : 62	 Training Loss : 0.40542535185813905
2021-06-26 10:13:35,871 Validation Epoch : 62	 Validation Loss : 0.5290982633829117	 Mean intersection-over-union averaged across classes : 46.75072992746157	 Frequency Weighted IoU : 63.52175640472105	 Mean pixel accuracy averaged across classes : 70.89833025073919	 Pixel Accuracy : 72.05672309512184
2021-06-26 10:13:41,790 Train Epoch : 63	 Training Loss : 0.3527590110898018
2021-06-26 10:13:42,463 Validation Epoch : 63	 Validation Loss : 0.6389965832233429	 Mean intersection-over-union averaged across classes : 46.83247964539531	 Frequency Weighted IoU : 63.56054994417442	 Mean pixel accuracy averaged across classes : 71.10466807937746	 Pixel Accuracy : 72.0955342054367
2021-06-26 10:13:48,310 Train Epoch : 64	 Training Loss : 0.4992563158273697
2021-06-26 10:13:48,973 Validation Epoch : 64	 Validation Loss : 0.6132748842239379	 Mean intersection-over-union averaged across classes : 46.5022544596929	 Frequency Weighted IoU : 63.10568250331484	 Mean pixel accuracy averaged across classes : 71.05256714353224	 Pixel Accuracy : 71.66073373647836
2021-06-26 10:13:54,868 Train Epoch : 65	 Training Loss : 0.34727904498577117
2021-06-26 10:13:55,547 Validation Epoch : 65	 Validation Loss : 0.28007338047027586	 Mean intersection-over-union averaged across classes : 46.78869855007214	 Frequency Weighted IoU : 63.41962400796005	 Mean pixel accuracy averaged across classes : 71.31129669032717	 Pixel Accuracy : 71.96292588205048
2021-06-26 10:14:01,375 Train Epoch : 66	 Training Loss : 0.32203916311264036
2021-06-26 10:14:02,024 Validation Epoch : 66	 Validation Loss : 0.7555384874343872	 Mean intersection-over-union averaged across classes : 46.516087142341014	 Frequency Weighted IoU : 63.04217726431639	 Mean pixel accuracy averaged across classes : 71.2740221342088	 Pixel Accuracy : 71.60261922807835
2021-06-26 10:14:07,855 Train Epoch : 67	 Training Loss : 0.31356861889362336
2021-06-26 10:14:08,496 Validation Epoch : 67	 Validation Loss : 0.2925911068916321	 Mean intersection-over-union averaged across classes : 46.78498285966196	 Frequency Weighted IoU : 63.35845496932764	 Mean pixel accuracy averaged across classes : 71.45971240997025	 Pixel Accuracy : 71.9060858558206
2021-06-26 10:14:14,300 Train Epoch : 68	 Training Loss : 0.29025942385196685
2021-06-26 10:14:14,923 Validation Epoch : 68	 Validation Loss : 0.31685022115707395	 Mean intersection-over-union averaged across classes : 46.965195856177225	 Frequency Weighted IoU : 63.534853611396656	 Mean pixel accuracy averaged across classes : 71.67614396438854	 Pixel Accuracy : 72.07623080930848
2021-06-26 10:14:20,787 Train Epoch : 69	 Training Loss : 0.39406142085790635
2021-06-26 10:14:21,431 Validation Epoch : 69	 Validation Loss : 0.2967625893652439	 Mean intersection-over-union averaged across classes : 47.21135456286669	 Frequency Weighted IoU : 63.85060059163511	 Mean pixel accuracy averaged across classes : 71.76846631885871	 Pixel Accuracy : 72.37760107857841
2021-06-26 10:14:27,286 Train Epoch : 70	 Training Loss : 0.32975077629089355
2021-06-26 10:14:27,948 Validation Epoch : 70	 Validation Loss : 0.3343218207359314	 Mean intersection-over-union averaged across classes : 47.47404342801733	 Frequency Weighted IoU : 64.14958934026383	 Mean pixel accuracy averaged across classes : 71.96344587418935	 Pixel Accuracy : 72.66354628012213
2021-06-26 10:14:33,825 Train Epoch : 71	 Training Loss : 0.3552448585629463
2021-06-26 10:14:34,530 Validation Epoch : 71	 Validation Loss : 0.3776649534702301	 Mean intersection-over-union averaged across classes : 47.614955638825975	 Frequency Weighted IoU : 64.27093175755536	 Mean pixel accuracy averaged across classes : 72.17040700983542	 Pixel Accuracy : 72.78030766381158
2021-06-26 10:14:40,402 Train Epoch : 72	 Training Loss : 0.3350864931941032
2021-06-26 10:14:41,036 Validation Epoch : 72	 Validation Loss : 0.41913412809371947	 Mean intersection-over-union averaged across classes : 47.741519294489756	 Frequency Weighted IoU : 64.3735803722513	 Mean pixel accuracy averaged across classes : 72.372468489173	 Pixel Accuracy : 72.8791218587797
2021-06-26 10:14:46,888 Train Epoch : 73	 Training Loss : 0.3667433962225914
2021-06-26 10:14:47,557 Validation Epoch : 73	 Validation Loss : 0.6557710289955139	 Mean intersection-over-union averaged across classes : 47.400573772902675	 Frequency Weighted IoU : 63.92846500870837	 Mean pixel accuracy averaged across classes : 72.27824312895217	 Pixel Accuracy : 72.45589642911344
2021-06-26 10:14:53,402 Train Epoch : 74	 Training Loss : 0.33413808792829514
2021-06-26 10:14:54,053 Validation Epoch : 74	 Validation Loss : 0.3919406056404114	 Mean intersection-over-union averaged across classes : 47.59658296271122	 Frequency Weighted IoU : 64.11830691924658	 Mean pixel accuracy averaged across classes : 72.51166281088568	 Pixel Accuracy : 72.63795623779296
2021-06-26 10:14:59,875 Train Epoch : 75	 Training Loss : 0.3335327759385109
2021-06-26 10:15:00,520 Validation Epoch : 75	 Validation Loss : 0.397690511867404	 Mean intersection-over-union averaged across classes : 47.826537837421704	 Frequency Weighted IoU : 64.40474326143911	 Mean pixel accuracy averaged across classes : 72.60980404733934	 Pixel Accuracy : 72.910257138704
2021-06-26 10:15:06,403 Train Epoch : 76	 Training Loss : 0.3155249148607254
2021-06-26 10:15:07,050 Validation Epoch : 76	 Validation Loss : 0.5283308446407318	 Mean intersection-over-union averaged across classes : 47.575766035886645	 Frequency Weighted IoU : 64.06648349076946	 Mean pixel accuracy averaged across classes : 72.57271211228459	 Pixel Accuracy : 72.58932782458021
2021-06-26 10:15:12,936 Train Epoch : 77	 Training Loss : 0.37204122096300124
2021-06-26 10:15:13,628 Validation Epoch : 77	 Validation Loss : 0.35365802943706515	 Mean intersection-over-union averaged across classes : 47.81233602402561	 Frequency Weighted IoU : 64.3432985496562	 Mean pixel accuracy averaged across classes : 72.72231623527391	 Pixel Accuracy : 72.8528169485239
2021-06-26 10:15:19,465 Train Epoch : 78	 Training Loss : 0.29249239563941953
2021-06-26 10:15:20,145 Validation Epoch : 78	 Validation Loss : 0.2810897618532181	 Mean intersection-over-union averaged across classes : 48.03422194206479	 Frequency Weighted IoU : 64.61051577911807	 Mean pixel accuracy averaged across classes : 72.83833685670037	 Pixel Accuracy : 73.10669186749035
2021-06-26 10:15:25,995 Train Epoch : 79	 Training Loss : 0.29731465578079225
2021-06-26 10:15:26,659 Validation Epoch : 79	 Validation Loss : 0.29158706311136484	 Mean intersection-over-union averaged across classes : 48.257477206606495	 Frequency Weighted IoU : 64.88241387841015	 Mean pixel accuracy averaged across classes : 72.94318837265443	 Pixel Accuracy : 73.3647027015686
2021-06-26 10:15:32,548 Train Epoch : 80	 Training Loss : 0.3826073072850704
2021-06-26 10:15:33,180 Validation Epoch : 80	 Validation Loss : 0.4303554445505142	 Mean intersection-over-union averaged across classes : 48.45499928405326	 Frequency Weighted IoU : 65.13559184249327	 Mean pixel accuracy averaged across classes : 72.99870013719556	 Pixel Accuracy : 73.60459221733942
2021-06-26 10:15:39,081 Train Epoch : 81	 Training Loss : 0.3985347583889961
2021-06-26 10:15:39,753 Validation Epoch : 81	 Validation Loss : 0.2862606765702367	 Mean intersection-over-union averaged across classes : 48.66473184621597	 Frequency Weighted IoU : 65.38936818120725	 Mean pixel accuracy averaged across classes : 73.09523221344527	 Pixel Accuracy : 73.84505062568478
2021-06-26 10:15:45,620 Train Epoch : 82	 Training Loss : 0.4114101529121399
2021-06-26 10:15:46,300 Validation Epoch : 82	 Validation Loss : 0.29850511252880096	 Mean intersection-over-union averaged across classes : 48.83791333511207	 Frequency Weighted IoU : 65.55484168612078	 Mean pixel accuracy averaged across classes : 73.29189758720393	 Pixel Accuracy : 74.0019892497235
2021-06-26 10:15:52,164 Train Epoch : 83	 Training Loss : 0.35341630727052686
2021-06-26 10:15:52,805 Validation Epoch : 83	 Validation Loss : 0.30977587699890136	 Mean intersection-over-union averaged across classes : 49.046145844238744	 Frequency Weighted IoU : 65.77924411032042	 Mean pixel accuracy averaged across classes : 73.45659297641971	 Pixel Accuracy : 74.21428226289295
2021-06-26 10:15:58,643 Train Epoch : 84	 Training Loss : 0.3035458639264107
2021-06-26 10:15:59,304 Validation Epoch : 84	 Validation Loss : 0.37864046096801757	 Mean intersection-over-union averaged across classes : 49.25305106743065	 Frequency Weighted IoU : 66.0146252789312	 Mean pixel accuracy averaged across classes : 73.58330952839138	 Pixel Accuracy : 74.43661454144646
2021-06-26 10:16:05,107 Train Epoch : 85	 Training Loss : 0.32151578217744825
2021-06-26 10:16:05,740 Validation Epoch : 85	 Validation Loss : 0.27406772375106814	 Mean intersection-over-union averaged across classes : 49.47851433305712	 Frequency Weighted IoU : 66.2586517752748	 Mean pixel accuracy averaged across classes : 73.75168999496069	 Pixel Accuracy : 74.66680792875067
2021-06-26 10:16:11,603 Train Epoch : 86	 Training Loss : 0.34106480330228806
2021-06-26 10:16:12,289 Validation Epoch : 86	 Validation Loss : 0.2785798653960228	 Mean intersection-over-union averaged across classes : 49.69241621584946	 Frequency Weighted IoU : 66.49943970249372	 Mean pixel accuracy averaged across classes : 73.88262142298983	 Pixel Accuracy : 74.89365500965339
2021-06-26 10:16:18,151 Train Epoch : 87	 Training Loss : 0.29279670864343643
2021-06-26 10:16:18,836 Validation Epoch : 87	 Validation Loss : 0.29186255279928447	 Mean intersection-over-union averaged across classes : 49.90069652265715	 Frequency Weighted IoU : 66.73612950828056	 Mean pixel accuracy averaged across classes : 74.00066556492295	 Pixel Accuracy : 75.11639161543413
2021-06-26 10:16:24,710 Train Epoch : 88	 Training Loss : 0.2831326395273209
2021-06-26 10:16:25,378 Validation Epoch : 88	 Validation Loss : 0.30900346040725707	 Mean intersection-over-union averaged across classes : 50.1078332584415	 Frequency Weighted IoU : 66.96648567978275	 Mean pixel accuracy averaged across classes : 74.12852367395917	 Pixel Accuracy : 75.33287005478077
2021-06-26 10:16:31,221 Train Epoch : 89	 Training Loss : 0.3125742390751839
2021-06-26 10:16:31,908 Validation Epoch : 89	 Validation Loss : 0.2577573224902153	 Mean intersection-over-union averaged across classes : 50.306706172974636	 Frequency Weighted IoU : 67.19127313356663	 Mean pixel accuracy averaged across classes : 74.23826252173495	 Pixel Accuracy : 75.5439190334744
2021-06-26 10:16:37,774 Train Epoch : 90	 Training Loss : 0.24111610352993013
2021-06-26 10:16:38,455 Validation Epoch : 90	 Validation Loss : 0.2946346789598465	 Mean intersection-over-union averaged across classes : 50.493447380058434	 Frequency Weighted IoU : 67.40829903631882	 Mean pixel accuracy averaged across classes : 74.32219479451845	 Pixel Accuracy : 75.74757754147707
2021-06-26 10:16:44,301 Train Epoch : 91	 Training Loss : 0.29918812215328217
2021-06-26 10:16:44,935 Validation Epoch : 91	 Validation Loss : 0.25562820620834825	 Mean intersection-over-union averaged across classes : 50.69804120846201	 Frequency Weighted IoU : 67.629285563082	 Mean pixel accuracy averaged across classes : 74.45705852582132	 Pixel Accuracy : 75.9544389144234
2021-06-26 10:16:50,791 Train Epoch : 92	 Training Loss : 0.30891073048114776
2021-06-26 10:16:51,471 Validation Epoch : 92	 Validation Loss : 0.32524230256676673	 Mean intersection-over-union averaged across classes : 50.902430760092656	 Frequency Weighted IoU : 67.84549390212263	 Mean pixel accuracy averaged across classes : 74.60112141488958	 Pixel Accuracy : 76.15645952122185
2021-06-26 10:16:57,369 Train Epoch : 93	 Training Loss : 0.3232273668050766
2021-06-26 10:16:58,037 Validation Epoch : 93	 Validation Loss : 0.29989290833473203	 Mean intersection-over-union averaged across classes : 51.10003836200947	 Frequency Weighted IoU : 68.05761736553822	 Mean pixel accuracy averaged across classes : 74.7288693179384	 Pixel Accuracy : 76.35448252901118
2021-06-26 10:17:03,893 Train Epoch : 94	 Training Loss : 0.31329464316368105
2021-06-26 10:17:04,560 Validation Epoch : 94	 Validation Loss : 0.28797445595264437	 Mean intersection-over-union averaged across classes : 51.294675864348235	 Frequency Weighted IoU : 68.26546709585021	 Mean pixel accuracy averaged across classes : 74.85474509072988	 Pixel Accuracy : 76.54824748792146
2021-06-26 10:17:10,408 Train Epoch : 95	 Training Loss : 0.3218677505850792
2021-06-26 10:17:11,064 Validation Epoch : 95	 Validation Loss : 0.1867217378690839	 Mean intersection-over-union averaged across classes : 51.487360766035486	 Frequency Weighted IoU : 68.46936562093006	 Mean pixel accuracy averaged across classes : 74.98163309624944	 Pixel Accuracy : 76.73803885777791
2021-06-26 10:17:11,065 => saving checkpoint to weights
2021-06-26 10:17:17,476 Train Epoch : 96	 Training Loss : 0.2859008237719536
2021-06-26 10:17:18,131 Validation Epoch : 96	 Validation Loss : 0.2570304057560861	 Mean intersection-over-union averaged across classes : 51.67634695288656	 Frequency Weighted IoU : 68.66843766477152	 Mean pixel accuracy averaged across classes : 75.10582672912548	 Pixel Accuracy : 76.92308052298948
2021-06-26 10:17:23,959 Train Epoch : 97	 Training Loss : 0.28448050916194917
2021-06-26 10:17:24,650 Validation Epoch : 97	 Validation Loss : 0.27634585201740264	 Mean intersection-over-union averaged across classes : 51.86470791873372	 Frequency Weighted IoU : 68.86569276836363	 Mean pixel accuracy averaged across classes : 75.23007461312187	 Pixel Accuracy : 77.10616870802276
2021-06-26 10:17:30,503 Train Epoch : 98	 Training Loss : 0.290078142285347
2021-06-26 10:17:31,144 Validation Epoch : 98	 Validation Loss : 0.26817824244499205	 Mean intersection-over-union averaged across classes : 52.047905617953084	 Frequency Weighted IoU : 69.05793432341963	 Mean pixel accuracy averaged across classes : 75.3471791634339	 Pixel Accuracy : 77.28440641152739
2021-06-26 10:17:36,979 Train Epoch : 99	 Training Loss : 0.30785495787858963
2021-06-26 10:17:37,656 Validation Epoch : 99	 Validation Loss : 0.18760957028716801	 Mean intersection-over-union averaged across classes : 52.23055913415916	 Frequency Weighted IoU : 69.24778425993509	 Mean pixel accuracy averaged across classes : 75.46640660710786	 Pixel Accuracy : 77.46014595031738
2021-06-26 10:17:37,658 Training Finished......
2021-06-26 10:17:37,659 Best Evaluation Matrics ...........
2021-06-26 10:17:37,659 Mean intersection-over-union averaged across classes : 66.91811051797859	 Frequency Weighted IoU : 83.88237473382107	 Mean pixel accuracy averaged across classes : 76.73347163875165	 Pixel Accuracy : 90.5170186360677
